2026/03/14 07:59:04 INFO  : Systems/XSpace/bash-space/.bashspace/logs/backups: Set directory modification time (using SetModTime)
2026/03/14 07:59:08 INFO  : Systems/XSpace/bash-space/.bashspace/logs/backups/20260314_backupx_rclone_copy_systems-engineer.log: Copied (new)
2026/03/14 07:59:08 INFO  : Systems/XSpace/bash-space/.bashspace/logs/backups/20260313_backupx_rclone_copy_systems-engineer.log: Copied (replaced existing)
2026/03/14 07:59:10 NOTICE: Portfolio/2026-wellpath/wellpath/linux/flutter/ephemeral/.plugin_symlinks/path_provider_linux: Can't follow symlink without -L/--copy-links
2026/03/14 07:59:11 NOTICE: Systems/QSpace/2026-qspace-pages/pages/linux/flutter/ephemeral/.plugin_symlinks/path_provider_linux: Can't follow symlink without -L/--copy-links
2026/03/14 07:59:15 NOTICE: Portfolio/2026-wellpath/wellpath/windows/flutter/ephemeral/.plugin_symlinks/cloud_firestore: Can't follow symlink without -L/--copy-links
2026/03/14 07:59:15 NOTICE: Portfolio/2026-wellpath/wellpath/windows/flutter/ephemeral/.plugin_symlinks/firebase_auth: Can't follow symlink without -L/--copy-links
2026/03/14 07:59:15 NOTICE: Portfolio/2026-wellpath/wellpath/windows/flutter/ephemeral/.plugin_symlinks/firebase_core: Can't follow symlink without -L/--copy-links
2026/03/14 07:59:15 NOTICE: Portfolio/2026-wellpath/wellpath/windows/flutter/ephemeral/.plugin_symlinks/path_provider_windows: Can't follow symlink without -L/--copy-links
2026/03/14 07:59:16 NOTICE: Systems/QSpace/2026-qspace-pages/pages/windows/flutter/ephemeral/.plugin_symlinks/path_provider_windows: Can't follow symlink without -L/--copy-links
2026/03/14 07:59:37 INFO  : Systems/XSpace/bash-space/.bashspace/logs/backups: Set directory modification time (using SetModTime)
2026/03/14 07:59:37 INFO  : Systems/XSpace/bash-space/.bashspace/logs: Set directory modification time (using SetModTime)
2026/03/14 07:59:38 INFO  : Systems/XSpace/bash-space/.bashspace: Set directory modification time (using SetModTime)
2026/03/14 07:59:38 INFO  : Systems/XSpace/bash-space: Set directory modification time (using SetModTime)
2026/03/14 07:59:39 INFO  : Systems/XSpace: Set directory modification time (using SetModTime)
2026/03/14 07:59:39 INFO  : Systems: Set directory modification time (using SetModTime)
2026/03/14 07:59:39 INFO  : 
Transferred:   	  276.926 KiB / 276.926 KiB, 100%, 30.770 KiB/s, ETA 0s
Checks:              1631 / 1631, 100%, Listed 4967
Transferred:            2 / 2, 100%
Elapsed time:        40.2s

