Transferred:   	          0 B / 170.999 KiB, 0%, 0 B/s, ETA -
Checks:                 0 / 0, -, Listed 7
Transferred:            0 / 7, 0%
Elapsed time:         0.5s
Transferring:
 * 20260213_asset_animate…ithub_header_sconl.gif:  0% /154.209Ki, 0/s, -
 *                 cp vmstore libvirt server.txt:  0% /136, 0/s, -
 *                  echo PNP0C0A 01 sudo tee.txt:  0% /65, 0/s, -
 *                   https open substack com.txt:  0% /124, 0/s, -Transferred:   	          0 B / 170.999 KiB, 0%, 0 B/s, ETA -
Checks:                 0 / 0, -, Listed 7
Transferred:            0 / 7, 0%
Elapsed time:         1.0s
Transferring:
 * 20260213_asset_animate…ithub_header_sconl.gif:  0% /154.209Ki, 0/s, -
 *                 cp vmstore libvirt server.txt:  0% /136, 0/s, -
 *                  echo PNP0C0A 01 sudo tee.txt:  0% /65, 0/s, -
 *                   https open substack com.txt:  0% /124, 0/s, -Transferred:   	          0 B / 170.999 KiB, 0%, 0 B/s, ETA -
Checks:                 0 / 0, -, Listed 7
Transferred:            0 / 7, 0%
Elapsed time:         1.5s
Transferring:
 * 20260213_asset_animate…ithub_header_sconl.gif:  0% /154.209Ki, 0/s, -
 *                 cp vmstore libvirt server.txt:  0% /136, 0/s, -
 *                  echo PNP0C0A 01 sudo tee.txt:  0% /65, 0/s, -
 *                   https open substack com.txt:  0% /124, 0/s, -Transferred:   	          0 B / 170.999 KiB, 0%, 0 B/s, ETA -
Checks:                 0 / 0, -, Listed 7
Transferred:            0 / 7, 0%
Elapsed time:         2.0s
Transferring:
 * 20260213_asset_animate…ithub_header_sconl.gif:  0% /154.209Ki, 0/s, -
 *                 cp vmstore libvirt server.txt:  0% /136, 0/s, -
 *                  echo PNP0C0A 01 sudo tee.txt:  0% /65, 0/s, -
 *                   https open substack com.txt:  0% /124, 0/s, -Transferred:   	  154.526 KiB / 170.999 KiB, 90%, 0 B/s, ETA -
Checks:                 0 / 0, -, Listed 7
Transferred:            0 / 7, 0%
Elapsed time:         2.5s
Transferring:
 * 20260213_asset_animate…ithub_header_sconl.gif:100% /154.209Ki, 77.104Ki/s, 
 *                 cp vmstore libvirt server.txt:100% /136, 0/s, -
 *                  echo PNP0C0A 01 sudo tee.txt:100% /65, 0/s, -
 *                   https open substack com.txt:100% /124, 0/s, -Transferred:   	  154.526 KiB / 170.999 KiB, 90%, 51.505 KiB/s, ETA 0s
Checks:                 0 / 0, -, Listed 7
Transferred:            0 / 7, 0%
Elapsed time:         3.0s
Transferring:
 * 20260213_asset_animate…ithub_header_sconl.gif:100% /154.209Ki, 77.104Ki/s, 
 *                 cp vmstore libvirt server.txt:100% /136, 0/s, -
 *                  echo PNP0C0A 01 sudo tee.txt:100% /65, 0/s, -
 *                   https open substack com.txt:100% /124, 0/s, -Transferred:   	  154.526 KiB / 170.999 KiB, 90%, 51.505 KiB/s, ETA 0s
Checks:                 0 / 0, -, Listed 7
Transferred:            3 / 7, 43%
Elapsed time:         3.5s
Transferring:
 *                   https open substack com.txt:100% /124, 41/s, 0s
 *                  https sconl substack com.txt:  0% /66, 0/s, -
 *               hydroponic_hemp_develompent.txt:  0% /6.414Ki, 0/s, -
 *               scripts_render_animated_text.py:  0% /9.994Ki, 0/s, -Transferred:   	  154.591 KiB / 170.999 KiB, 90%, 51.505 KiB/s, ETA 0s
Checks:                 0 / 0, -, Listed 7
Transferred:            3 / 7, 43%
Elapsed time:         4.0s
Transferring:
 *                   https open substack com.txt:100% /124, 41/s, 0s
 *                  https sconl substack com.txt:100% /66, 0/s, -
 *               hydroponic_hemp_develompent.txt:  0% /6.414Ki, 0/s, -
 *               scripts_render_animated_text.py:  0% /9.994Ki, 0/s, -Transferred:   	  164.585 KiB / 170.999 KiB, 96%, 38.645 KiB/s, ETA 0s
Checks:                 0 / 0, -, Listed 7
Transferred:            5 / 7, 71%
Elapsed time:         4.5s
Transferring:
 *               hydroponic_hemp_develompent.txt:  0% /6.414Ki, 0/s, -
 *               scripts_render_animated_text.py:100% /9.994Ki, 9.993Ki/s, 0sTransferred:   	  170.999 KiB / 170.999 KiB, 100%, 38.645 KiB/s, ETA 0s
Checks:                 0 / 0, -, Listed 7
Transferred:            5 / 7, 71%
Elapsed time:         5.0s
Transferring:
 *               hydroponic_hemp_develompent.txt:100% /6.414Ki, 0/s, -
 *               scripts_render_animated_text.py:100% /9.994Ki, 9.993Ki/s, 0sTransferred:   	  170.999 KiB / 170.999 KiB, 100%, 34.197 KiB/s, ETA 0s
Checks:                 0 / 0, -, Listed 7
Transferred:            7 / 7, 100%
Elapsed time:         5.3s
